  lab_4.cpp
C:\Program Files\Microsoft Visual Studio\2022\Community\VC\Tools\MSVC\14.36.32532\include\xutility(1160,19): error C3889: вызов объекта типа класса "std::less<void>": не найден соответствующий оператор вызова
C:\Program Files\Microsoft Visual Studio\2022\Community\VC\Tools\MSVC\14.36.32532\include\xstddef(246,31): message : может быть "unknown-type std::less<void>::operator ()(_Ty1 &&,_Ty2 &&) noexcept(<expr>) const"
C:\Program Files\Microsoft Visual Studio\2022\Community\VC\Tools\MSVC\14.36.32532\include\xutility(1160,19): message : Сбой при специализации функции-шаблона "unknown-type std::less<void>::operator ()(_Ty1 &&,_Ty2 &&) noexcept(<expr>) const"
C:\Program Files\Microsoft Visual Studio\2022\Community\VC\Tools\MSVC\14.36.32532\include\xutility(1160,19): message : Со следующими аргументами шаблона:
C:\Program Files\Microsoft Visual Studio\2022\Community\VC\Tools\MSVC\14.36.32532\include\xutility(1160,19): message : "_Ty1=Pencil &"
C:\Program Files\Microsoft Visual Studio\2022\Community\VC\Tools\MSVC\14.36.32532\include\xutility(1160,19): message : "_Ty2=Pencil &"
C:\Program Files\Microsoft Visual Studio\2022\Community\VC\Tools\MSVC\14.36.32532\include\algorithm(7929,17): message : выполняется компиляция ссылки на экземпляр шаблон функции "bool std::_Debug_lt_pred<_Pr&,Pencil&,Pencil&,0>(std::less<void>&,_Ty1,_Ty2) noexcept(<expr>)"
          with
          [
              _Pr=std::less<void>,
              _Ty1=Pencil &,
              _Ty2=Pencil &
          ]
C:\Program Files\Microsoft Visual Studio\2022\Community\VC\Tools\MSVC\14.36.32532\include\algorithm(8053,13): message : выполняется компиляция ссылки на экземпляр шаблон функции "_BidIt std::_Insertion_sort_unchecked<_RanIt,_Pr>(const _BidIt,const _BidIt,_Pr)"
          with
          [
              _BidIt=Pencil *,
              _RanIt=Pencil *,
              _Pr=std::less<void>
          ]
C:\Program Files\Microsoft Visual Studio\2022\Community\VC\Tools\MSVC\14.36.32532\include\algorithm(8083,5): message : выполняется компиляция ссылки на экземпляр шаблон функции "void std::_Sort_unchecked<Pencil*,_Fn>(_RanIt,_RanIt,__int64,_Pr)"
          with
          [
              _Fn=std::less<void>,
              _RanIt=Pencil *,
              _Pr=std::less<void>
          ]
C:\Program Files\Microsoft Visual Studio\2022\Community\VC\Tools\MSVC\14.36.32532\include\algorithm(8088,10): message : выполняется компиляция ссылки на экземпляр шаблон функции "void std::sort<_RanIt,std::less<void>>(const _RanIt,const _RanIt,_Pr)"
          with
          [
              _RanIt=std::_Vector_iterator<std::_Vector_val<std::_Simple_types<Pencil>>>,
              _Pr=std::less<void>
          ]
D:\Documents\LAB_WORKS_BSUIR\OOPIP\SOLUTION_2\lab_4\lab_4.cpp(256,9): message : выполняется компиляция ссылки на экземпляр шаблон функции "void std::sort<std::_Vector_iterator<std::_Vector_val<std::_Simple_types<_Ty>>>>(const _RanIt,const _RanIt)"
          with
          [
              _Ty=Pencil,
              _RanIt=std::_Vector_iterator<std::_Vector_val<std::_Simple_types<Pencil>>>
          ]
C:\Program Files\Microsoft Visual Studio\2022\Community\VC\Tools\MSVC\14.36.32532\include\algorithm(7987,16): error C3889: вызов объекта типа класса "std::less<void>": не найден соответствующий оператор вызова
C:\Program Files\Microsoft Visual Studio\2022\Community\VC\Tools\MSVC\14.36.32532\include\xstddef(246,31): message : может быть "unknown-type std::less<void>::operator ()(_Ty1 &&,_Ty2 &&) noexcept(<expr>) const"
C:\Program Files\Microsoft Visual Studio\2022\Community\VC\Tools\MSVC\14.36.32532\include\algorithm(7987,16): message : Сбой при специализации функции-шаблона "unknown-type std::less<void>::operator ()(_Ty1 &&,_Ty2 &&) noexcept(<expr>) const"
C:\Program Files\Microsoft Visual Studio\2022\Community\VC\Tools\MSVC\14.36.32532\include\algorithm(7987,16): message : Со следующими аргументами шаблона:
C:\Program Files\Microsoft Visual Studio\2022\Community\VC\Tools\MSVC\14.36.32532\include\algorithm(7987,16): message : "_Ty1=Pencil &"
C:\Program Files\Microsoft Visual Studio\2022\Community\VC\Tools\MSVC\14.36.32532\include\algorithm(7987,16): message : "_Ty2=Pencil &"
C:\Program Files\Microsoft Visual Studio\2022\Community\VC\Tools\MSVC\14.36.32532\include\algorithm(8064,21): message : выполняется компиляция ссылки на экземпляр шаблон функции "std::pair<_RanIt,_RanIt> std::_Partition_by_median_guess_unchecked<_RanIt,_Pr>(_RanIt,_RanIt,_Pr)"
          with
          [
              _RanIt=Pencil *,
              _Pr=std::less<void>
          ]
C:\Program Files\Microsoft Visual Studio\2022\Community\VC\Tools\MSVC\14.36.32532\include\algorithm(7991,76): error C3889: вызов объекта типа класса "std::less<void>": не найден соответствующий оператор вызова
C:\Program Files\Microsoft Visual Studio\2022\Community\VC\Tools\MSVC\14.36.32532\include\xstddef(246,31): message : может быть "unknown-type std::less<void>::operator ()(_Ty1 &&,_Ty2 &&) noexcept(<expr>) const"
C:\Program Files\Microsoft Visual Studio\2022\Community\VC\Tools\MSVC\14.36.32532\include\algorithm(7991,76): message : Сбой при специализации функции-шаблона "unknown-type std::less<void>::operator ()(_Ty1 &&,_Ty2 &&) noexcept(<expr>) const"
C:\Program Files\Microsoft Visual Studio\2022\Community\VC\Tools\MSVC\14.36.32532\include\algorithm(7991,76): message : Со следующими аргументами шаблона:
C:\Program Files\Microsoft Visual Studio\2022\Community\VC\Tools\MSVC\14.36.32532\include\algorithm(7991,76): message : "_Ty1=Pencil &"
C:\Program Files\Microsoft Visual Studio\2022\Community\VC\Tools\MSVC\14.36.32532\include\algorithm(7991,76): message : "_Ty2=Pencil &"
C:\Program Files\Microsoft Visual Studio\2022\Community\VC\Tools\MSVC\14.36.32532\include\algorithm(8002,24): error C3889: вызов объекта типа класса "std::less<void>": не найден соответствующий оператор вызова
C:\Program Files\Microsoft Visual Studio\2022\Community\VC\Tools\MSVC\14.36.32532\include\xstddef(246,31): message : может быть "unknown-type std::less<void>::operator ()(_Ty1 &&,_Ty2 &&) noexcept(<expr>) const"
C:\Program Files\Microsoft Visual Studio\2022\Community\VC\Tools\MSVC\14.36.32532\include\algorithm(8002,24): message : Сбой при специализации функции-шаблона "unknown-type std::less<void>::operator ()(_Ty1 &&,_Ty2 &&) noexcept(<expr>) const"
C:\Program Files\Microsoft Visual Studio\2022\Community\VC\Tools\MSVC\14.36.32532\include\algorithm(8002,24): message : Со следующими аргументами шаблона:
C:\Program Files\Microsoft Visual Studio\2022\Community\VC\Tools\MSVC\14.36.32532\include\algorithm(8002,24): message : "_Ty1=Pencil &"
C:\Program Files\Microsoft Visual Studio\2022\Community\VC\Tools\MSVC\14.36.32532\include\algorithm(8002,24): message : "_Ty2=Pencil &"
C:\Program Files\Microsoft Visual Studio\2022\Community\VC\Tools\MSVC\14.36.32532\include\algorithm(8015,24): error C3889: вызов объекта типа класса "std::less<void>": не найден соответствующий оператор вызова
C:\Program Files\Microsoft Visual Studio\2022\Community\VC\Tools\MSVC\14.36.32532\include\xstddef(246,31): message : может быть "unknown-type std::less<void>::operator ()(_Ty1 &&,_Ty2 &&) noexcept(<expr>) const"
C:\Program Files\Microsoft Visual Studio\2022\Community\VC\Tools\MSVC\14.36.32532\include\algorithm(8015,24): message : Сбой при специализации функции-шаблона "unknown-type std::less<void>::operator ()(_Ty1 &&,_Ty2 &&) noexcept(<expr>) const"
C:\Program Files\Microsoft Visual Studio\2022\Community\VC\Tools\MSVC\14.36.32532\include\algorithm(8015,24): message : Со следующими аргументами шаблона:
C:\Program Files\Microsoft Visual Studio\2022\Community\VC\Tools\MSVC\14.36.32532\include\algorithm(8015,24): message : "_Ty1=Pencil &"
C:\Program Files\Microsoft Visual Studio\2022\Community\VC\Tools\MSVC\14.36.32532\include\algorithm(8015,24): message : "_Ty2=Pencil &"
